[2021-07-20T12:13:18.559] [INFO] [Default] - GET 404 / 请求参数： {} 响应参数： undefined - ::1 - 5ms
[2021-07-20T12:13:18.602] [INFO] [Default] - GET 404 /favicon.ico 请求参数： {} 响应参数： undefined - ::1 - 2ms
[2021-07-20T12:13:45.939] [INFO] [Default] - GET 404 /apidoc 请求参数： {} 响应参数： undefined - ::1 - 1ms
[2021-07-20T15:32:16.366] [INFO] [Default] - POST 400 /common/user/register 请求参数： {"account":"lz123456","password":"lz123456","nickname":"风紧不扯呼","phoneNumber":13312940980} 响应参数： {"msg":["Unknown column 'id' in 'field list'","密码:两次输入不一致，请重新输入！"],"code":20001,"request":"POST /common/user/register"} - ::1 - 131ms
[2021-07-20T15:34:18.534] [INFO] [Default] - POST 400 /common/user/register 请求参数： {"account":"lz123456","password":"lz123456","confirmPassword":"lz123456","nickname":"风紧不扯呼","phoneNumber":13312940980} 响应参数： {"msg":["Unknown column 'id' in 'field list'"],"code":20001,"request":"POST /common/user/register"} - ::1 - 33ms
[2021-07-20T15:35:31.974] [INFO] [Default] - POST 400 /common/user/register 请求参数： {"account":"lz123456","password":"lz123456","confirmPassword":"lz123456","nickname":"风紧不扯呼","phoneNumber":13312940980} 响应参数： {"msg":["Unknown column 'created_at' in 'field list'"],"code":20001,"request":"POST /common/user/register"} - ::1 - 8ms
[2021-07-20T15:35:55.229] [INFO] [Default] - POST 400 /common/user/register 请求参数： {"account":"lz123456","password":"lz123456","confirmPassword":"lz123456","nickname":"风紧不扯呼","phoneNumber":13312940980} 响应参数： {"msg":["Unknown column 'created_at' in 'field list'"],"code":20001,"request":"POST /common/user/register"} - ::1 - 8ms
[2021-07-20T15:36:25.670] [INFO] [Default] - POST 400 /common/user/register 请求参数： {"account":"lz123456","password":"lz123456","confirmPassword":"lz123456","nickname":"风紧不扯呼","phoneNumber":13312940980} 响应参数： {"msg":["Table 'onmyway.user' doesn't exist"],"code":20001,"request":"POST /common/user/register"} - ::1 - 7ms
[2021-07-20T15:37:01.214] [INFO] [Default] - POST 400 /common/user/register 请求参数： {"account":"lz123456","password":"lz123456","confirmPassword":"lz123456","nickname":"风紧不扯呼","phoneNumber":13312940980} 响应参数： {"msg":["Unknown column 'account' in 'field list'"],"code":20001,"request":"POST /common/user/register"} - ::1 - 7ms
[2021-07-20T15:40:48.174] [INFO] [Default] - POST 200 /common/user/register 请求参数： {"account":"lz123456","password":"lz123456","confirmPassword":"lz123456","nickname":"风紧不扯呼","phoneNumber":13312940980} 响应参数： {"msg":"ok","code":20000,"request":"POST /common/user/register"} - ::1 - 8ms
[2021-07-20T15:57:38.283] [INFO] [Default] - POST 200 /common/user/register 请求参数： {"account":"lz123456","password":"lz123456","confirmPassword":"lz123456","nickname":"风紧不扯呼","phoneNumber":13312940980} 响应参数： {"msg":"ok","code":20000,"request":"POST /common/user/register"} - ::1 - 129ms
[2021-07-20T16:05:33.438] [INFO] [Default] - POST 400 /common/user/register 请求参数： {"account":"lz12","password":"lz123456","confirmPassword":"lz123456","nickname":"风紧不扯呼","phoneNumber":13312940980} 响应参数： {"msg":["account账号不符合规范,应为6-20位数字和字母"],"code":20001,"request":"POST /common/user/register"} - ::1 - 13ms
[2021-07-20T16:10:38.941] [INFO] [Default] - POST 200 /common/user/register 请求参数： {"account":"lz123456","password":"lz123456","confirmPassword":"lz123456","nickname":"风紧不扯呼","phoneNumber":13312940980} 响应参数： {"msg":"ok","code":20000,"request":"POST /common/user/register"} - ::1 - 90ms
[2021-07-20T16:11:48.904] [INFO] [Default] - POST 200 /common/user/register 请求参数： {"account":"lz123456","password":"lz123456","confirmPassword":"lz123456","nickname":"风紧不扯呼","phoneNumber":13312940980} 响应参数： {"msg":"ok","code":20000,"request":"POST /common/user/register"} - ::1 - 148ms
[2021-07-20T16:12:32.052] [INFO] [Default] - POST 400 /common/user/register 请求参数： {"account":"lz123456","password":"lz123456","confirmPassword":"lz123456","nickname":"风紧不扯呼","phoneNumber":13312940980111} 响应参数： {"msg":["phoneNumber手机号码输入有误","账号:lz123456已存在，请重新输入！"],"code":20001,"request":"POST /common/user/register"} - ::1 - 9ms
[2021-07-20T16:12:47.385] [INFO] [Default] - POST 400 /common/user/register 请求参数： {"account":"lz123456","password":"lz123456","confirmPassword":"lz123456","nickname":"风紧不扯呼","phoneNumber":13312940980111} 响应参数： {"msg":["phoneNumber手机号码输入有误"],"code":20001,"request":"POST /common/user/register"} - ::1 - 6ms
[2021-07-20T16:12:54.052] [INFO] [Default] - POST 200 /common/user/register 请求参数： {"account":"lz123456","password":"lz123456","confirmPassword":"lz123456","nickname":"风紧不扯呼","phoneNumber":13312940980} 响应参数： {"msg":"ok","code":20000,"request":"POST /common/user/register"} - ::1 - 88ms
[2021-07-20T16:13:32.523] [INFO] [Default] - POST 400 /common/user/register 请求参数： {"account":"lz123456","password":"lz123456","confirmPassword":"lz123456","nickname":"风紧不扯呼","phoneNumber":13312940980} 响应参数： {"msg":["账号:lz123456已存在，请重新输入！"],"code":20001,"request":"POST /common/user/register"} - ::1 - 28ms
[2021-07-20T16:13:39.819] [INFO] [Default] - POST 200 /common/user/register 请求参数： {"account":"lz123456","password":"lz123456","confirmPassword":"lz123456","nickname":"风紧不扯呼","phoneNumber":13312940980} 响应参数： {"msg":"ok","code":20000,"request":"POST /common/user/register"} - ::1 - 114ms
[2021-07-20T16:14:12.620] [INFO] [Default] - POST 400 /common/user/register 请求参数： {"account":"lz123456","password":"lz123456","confirmPassword":"lz123456","nickname":"风紧不扯呼","phoneNumber":13312940980} 响应参数： {"msg":["账号:lz123456已存在，请重新输入！"],"code":20001,"request":"POST /common/user/register"} - ::1 - 31ms
[2021-07-20T16:15:00.099] [INFO] [Default] - POST 200 /common/user/register 请求参数： {"account":"lz123456","password":"lz123456","confirmPassword":"lz123456","nickname":"风紧不扯呼","phoneNumber":13312940980} 响应参数： {"msg":"ok","code":20000,"request":"POST /common/user/register"} - ::1 - 34441ms
[2021-07-20T16:17:03.599] [INFO] [Default] - POST 200 /common/user/register 请求参数： {"account":"lz123456","password":"lz123456","confirmPassword":"lz123456","nickname":"风紧不扯呼","phoneNumber":13312940980} 响应参数： {"msg":"ok","code":20000,"request":"POST /common/user/register"} - ::1 - 149ms
[2021-07-20T16:18:10.376] [INFO] [Default] - POST 200 /common/user/register 请求参数： {"account":"lz123456","password":"lz123456","confirmPassword":"lz123456","nickname":"风紧不扯呼","phoneNumber":13312940980} 响应参数： {"msg":"ok","code":20000,"request":"POST /common/user/register"} - ::1 - 34292ms
[2021-07-20T16:23:13.509] [INFO] [Default] - POST 200 /common/user/register 请求参数： {"account":"lz123456","password":"lz123456","confirmPassword":"lz123456","nickname":"风紧不扯呼","phoneNumber":"13312940980"} 响应参数： {"msg":"ok","code":20000,"request":"POST /common/user/register"} - ::1 - 139ms
[2021-07-20T16:56:00.408] [INFO] [Default] - POST 200 /common/user/login 请求参数： {"account":"lz123456","password":"lz123456"} 响应参数： {"token":"eyJhbGciOiJIUzI1NiIsInR5cCI6IkpXVCJ9.eyJ1aWQiOjM5LCJpYXQiOjE2MjY3NzEzNjAsImV4cCI6MTYyNjc3NDk2MH0.YH_MmjEYxJYRi8Jb9bRYBiTXrkHkAPYHsRz7oovS7Nw"} - ::1 - 148ms
[2021-07-20T17:12:56.554] [INFO] [Default] - POST 200 /common/user/register 请求参数： {"account":"lz123456","password":"lz123456","confirmPassword":"lz123456","nickname":"风紧不扯呼","phoneNumber":"13312940980"} 响应参数： {"msg":"ok","code":20000,"request":"POST /common/user/register"} - ::1 - 147ms
[2021-07-20T17:17:36.683] [INFO] [Default] - POST 200 /common/user/login 请求参数： {"account":"lz123456","password":"lz123456"} 响应参数： {"token":"eyJhbGciOiJIUzI1NiIsInR5cCI6IkpXVCJ9.eyJ1aWQiOjQwLCJpYXQiOjE2MjY3NzI2NTYsImV4cCI6MTYyNjc3NjI1Nn0.9xBPVvN-zibrZfLwr4xiRtAaHX6JI2Z93f_YCFlIzpg"} - ::1 - 132ms
[2021-07-20T17:17:46.784] [INFO] [Default] - POST 200 /common/user/login 请求参数： {"account":"lz123456","password":"lz123456"} 响应参数： {"msg":"ok","code":20000,"request":"POST /common/user/login"} - ::1 - 130ms
[2021-07-20T17:18:12.265] [INFO] [Default] - POST 200 /common/user/login 请求参数： {"account":"lz123456","password":"lz123456"} 响应参数： {"msg":"ok","code":20000,"request":"POST /common/user/login"} - ::1 - 82ms
[2021-07-20T17:19:17.671] [INFO] [Default] - POST 200 /common/user/login 请求参数： {"account":"lz123456","password":"lz123456"} 响应参数： {"msg":"ok","code":20000,"request":"POST /common/user/login"} - ::1 - 132ms
[2021-07-20T17:20:32.587] [INFO] [Default] - POST 200 /common/user/login 请求参数： {"account":"lz123456","password":"lz123456"} 响应参数： {"msg":"ok","code":20000,"request":"POST /common/user/login"} - ::1 - 118ms
[2021-07-20T17:20:33.556] [INFO] [Default] - POST 200 /common/user/login 请求参数： {"account":"lz123456","password":"lz123456"} 响应参数： {"msg":"ok","code":20000,"request":"POST /common/user/login"} - ::1 - 88ms
[2021-07-20T17:20:33.932] [INFO] [Default] - POST 200 /common/user/login 请求参数： {"account":"lz123456","password":"lz123456"} 响应参数： {"msg":"ok","code":20000,"request":"POST /common/user/login"} - ::1 - 114ms
[2021-07-20T17:20:43.231] [INFO] [Default] - POST 200 /common/user/login 请求参数： {"account":"lz123456","password":"lz123456"} 响应参数： {"msg":"ok","code":20000,"request":"POST /common/user/login"} - ::1 - 132ms
[2021-07-20T17:20:53.166] [INFO] [Default] - POST 200 /common/user/login 请求参数： {"account":"lz123456","password":"lz123456"} 响应参数： {"msg":"ok","code":20000,"request":"POST /common/user/login"} - ::1 - 118ms
[2021-07-20T17:20:53.978] [INFO] [Default] - POST 200 /common/user/login 请求参数： {"account":"lz123456","password":"lz123456"} 响应参数： {"msg":"ok","code":20000,"request":"POST /common/user/login"} - ::1 - 88ms
[2021-07-20T17:22:11.585] [INFO] [Default] - POST 200 /common/user/login 请求参数： {"account":"lz123456","password":"lz123456"} 响应参数： {"data":{"token":"eyJhbGciOiJIUzI1NiIsInR5cCI6IkpXVCJ9.eyJ1aWQiOjQwLCJpYXQiOjE2MjY3NzI5MzEsImV4cCI6MTYyNjc3NjUzMX0.esmIe09QgKC3XkV-hvydv3fneN4JYdcC6xAbeq6x_vs"},"msg":"ok","code":20000,"request":"POST /common/user/login"} - ::1 - 132ms
[2021-07-20T17:22:28.223] [INFO] [Default] - POST 200 /common/user/register 请求参数： {"account":"lz123456","password":"lz123456","confirmPassword":"lz123456","nickname":"风紧不扯呼","phoneNumber":"13312940980"} 响应参数： {"data":{},"msg":"ok","code":20000,"request":"POST /common/user/register"} - ::1 - 103ms
[2021-07-20T17:22:58.237] [INFO] [Default] - POST 400 /common/user/register 请求参数： {"44":"lz123456","password":"lz123456","confirmPassword":"lz123456","nickname":"风紧不扯呼","phoneNumber":"13312940980"} 响应参数： {"data":null,"msg":["account字段是必填参数","WHERE parameter \"account\" has invalid \"undefined\" value"],"code":40001,"request":"POST /common/user/register"} - ::1 - 3ms
[2021-07-20T17:49:41.546] [INFO] [Default] - POST 200 /common/user/login 请求参数： {"account":"lz123456","password":"lz123456"} 响应参数： {"data":{"token":"eyJhbGciOiJIUzI1NiIsInR5cCI6IkpXVCJ9.eyJ1aWQiOjQxLCJpYXQiOjE2MjY3NzQ1ODEsImV4cCI6MTYyNjc3ODE4MX0.15OoY7zL7DSgIJOaQWpeDTBOUKIRNBhxa3oSqT8l_CM"},"msg":"ok","code":20000,"request":"POST /common/user/login"} - ::1 - 144ms
[2021-07-20T17:49:47.058] [INFO] [Default] - POST 200 /common/user/register 请求参数： {"44":"lz123456","password":"lz123456","confirmPassword":"lz123456","nickname":"风紧不扯呼","phoneNumber":"13312940980"} 响应参数： {"data":null,"msg":["account字段是必填参数","WHERE parameter \"account\" has invalid \"undefined\" value"],"code":40001,"request":"POST /common/user/register"} - ::1 - 3ms
[2021-07-20T17:50:19.295] [INFO] [Default] - POST 200 /common/user/register 请求参数： {"account":"lz123456","password":"lz123456","confirmPassword":"lz123456","nickname":"风紧不扯呼","phoneNumber":"13312940980"} 响应参数： {"data":null,"msg":["账号:lz123456已存在，请重新输入！"],"code":40001,"request":"POST /common/user/register"} - ::1 - 9ms
